<?xml version="1.0" encoding="UTF-8"?>
<!-- Generated by org.testng.reporters.JUnitReportReporter -->
<testsuite hostname="DESKTOP-LGT6DMS" failures="0" tests="2" name="ghgh.mavannnjavaa.RestAPITest" time="0.010" errors="0" timestamp="2022-08-25T18:40:03 IST" skipped="0">
  <testcase classname="ghgh.mavannnjavaa.RestAPITest" name="deleteTwitter" time="0.009"/>
  <system-out/>
  <testcase classname="ghgh.mavannnjavaa.RestAPITest" name="postJira" time="0.001"/>
  <system-out/>
</testsuite> <!-- ghgh.mavannnjavaa.RestAPITest -->
