<?xml version="1.0" encoding="UTF-8"?>
<!-- Generated by org.testng.reporters.JUnitReportReporter -->
<testsuite hostname="DESKTOP-LGT6DMS" failures="0" tests="2" name="ghgh.mavannnjavaa.AppinumTest" time="0.007" errors="0" timestamp="2022-08-25T18:40:03 IST" skipped="0">
  <testcase classname="ghgh.mavannnjavaa.AppinumTest" name="NavigationJira" time="0.003"/>
  <system-out/>
  <testcase classname="ghgh.mavannnjavaa.AppinumTest" name="IOSApps" time="0.004"/>
  <system-out/>
</testsuite> <!-- ghgh.mavannnjavaa.AppinumTest -->
